<?xml version="1.0" encoding="UTF-8"?>
<testng-results skipped="0" failed="0" ignored="0" total="2" passed="2">
  <reporter-output>
  </reporter-output>
  <suite name="Default suite" duration-ms="36" started-at="2020-12-02T18:55:29 IST" finished-at="2020-12-02T18:55:29 IST">
    <groups>
    </groups>
    <test name="Default test" duration-ms="36" started-at="2020-12-02T18:55:29 IST" finished-at="2020-12-02T18:55:29 IST">
      <class name="StreamFilter">
        <test-method status="PASS" signature="arrayList()[pri:0, instance:StreamFilter@4bbfb90a]" name="arrayList" duration-ms="7" started-at="2020-12-02T18:55:29 IST" finished-at="2020-12-02T18:55:29 IST">
          <reporter-output>
          </reporter-output>
        </test-method> <!-- arrayList -->
        <test-method status="PASS" signature="filter()[pri:0, instance:StreamFilter@4bbfb90a]" name="filter" duration-ms="3" started-at="2020-12-02T18:55:29 IST" finished-at="2020-12-02T18:55:29 IST">
          <reporter-output>
          </reporter-output>
        </test-method> <!-- filter -->
      </class> <!-- StreamFilter -->
    </test> <!-- Default test -->
  </suite> <!-- Default suite -->
</testng-results>
